<?xml version="1.0" encoding="UTF-8"?>
<testsuite name="TestSuite" time="0.667" tests="41" errors="0" skipped="0" failures="0">
  <properties>
[...]
</properties>
  <testcase name="testRandomByteIterator" classname="com.yahoo.ycsb.TestByteIterator" time="0.006"/>
  <testcase name="testDouble" classname="com.yahoo.ycsb.TestNumericByteIterator" time="0"/>
  <testcase name="testLong" classname="com.yahoo.ycsb.TestNumericByteIterator" time="0"/>
  <testcase name="testAcceptableStatus" classname="com.yahoo.ycsb.TestStatus" time="0"/>
  <testcase name="bytesToDoubleTooShort" classname="com.yahoo.ycsb.TestUtils" time="0"/>
  <testcase name="bytesToFromDouble" classname="com.yahoo.ycsb.TestUtils" time="0"/>
  <testcase name="bytesToFromLong" classname="com.yahoo.ycsb.TestUtils" time="0"/>
  <testcase name="bytesToLongNull" classname="com.yahoo.ycsb.TestUtils" time="0"/>
  <testcase name="bytesToLongTooShort" classname="com.yahoo.ycsb.TestUtils" time="0"/>
  <testcase name="jvmUtils" classname="com.yahoo.ycsb.TestUtils" time="0.025"/>
  <testcase name="testIncrementPastIntegerMaxValue" classname="com.yahoo.ycsb.generator.AcknowledgedCounterGeneratorTest" time="0.425"/>
  <testcase name="invalidCharacterSets" classname="com.yahoo.ycsb.generator.TestIncrementingPrintableStringGenerator" time="0.001"/>
  <testcase name="invalidLengths" classname="com.yahoo.ycsb.generator.TestIncrementingPrintableStringGenerator" time="0"/>
  <testcase name="rolloverException" classname="com.yahoo.ycsb.generator.TestIncrementingPrintableStringGenerator" time="0"/>
  <testcase name="rolloverOK" classname="com.yahoo.ycsb.generator.TestIncrementingPrintableStringGenerator" time="0.001"/>
  <testcase name="rolloverOneCharacterException" classname="com.yahoo.ycsb.generator.TestIncrementingPrintableStringGenerator" time="0"/>
  <testcase name="rolloverOneCharacterOK" classname="com.yahoo.ycsb.generator.TestIncrementingPrintableStringGenerator" time="0"/>
  <testcase name="systemTime" classname="com.yahoo.ycsb.generator.TestRandomDiscreteTimestampGenerator" time="0.001"/>
  <testcase name="tooLarge" classname="com.yahoo.ycsb.generator.TestRandomDiscreteTimestampGenerator" time="0.03"/>
  <testcase name="withStartTime" classname="com.yahoo.ycsb.generator.TestRandomDiscreteTimestampGenerator" time="0"/>
  <testcase name="ctorWithIntervalAndUnits" classname="com.yahoo.ycsb.generator.TestUnixEpochTimestampGenerator" time="0"/>
  <testcase name="ctorWithIntervalAndUnitsAndStart" classname="com.yahoo.ycsb.generator.TestUnixEpochTimestampGenerator" time="0"/>
  <testcase name="defaultCtor" classname="com.yahoo.ycsb.generator.TestUnixEpochTimestampGenerator" time="0"/>
  <testcase name="variousIntervalsAndUnits" classname="com.yahoo.ycsb.generator.TestUnixEpochTimestampGenerator" time="0"/>
  <testcase name="testMinAndMaxParameter" classname="com.yahoo.ycsb.generator.TestZipfianGenerator" time="0.005"/>
  <testcase name="testJSONArrayMeasurementsExporter" classname="com.yahoo.ycsb.measurements.exporter.TestMeasurementsExporter" time="0.149"/>
  <testcase name="createOperationChooser" classname="com.yahoo.ycsb.workloads.TestCoreWorkload" time="0.003"/>
  <testcase name="createOperationChooserNullProperties" classname="com.yahoo.ycsb.workloads.TestCoreWorkload" time="0"/>
  <testcase name="badTimeUnit" classname="com.yahoo.ycsb.workloads.TestTimeSeriesWorkload" time="0.001"/>
  <testcase name="failedToInitThread" classname="com.yahoo.ycsb.workloads.TestTimeSeriesWorkload" time="0.001"/>
  <testcase name="failedToInitWorkloadBeforeThreadInit" classname="com.yahoo.ycsb.workloads.TestTimeSeriesWorkload" time="0.001"/>
  <testcase name="insertOneKeyOneTagCardinalityOne" classname="com.yahoo.ycsb.workloads.TestTimeSeriesWorkload" time="0.002"/>
  <testcase name="insertOneKeyTwoTagsLowCardinality" classname="com.yahoo.ycsb.workloads.TestTimeSeriesWorkload" time="0.001"/>
  <testcase name="insertThreeKeysTwoThreads" classname="com.yahoo.ycsb.workloads.TestTimeSeriesWorkload" time="0.001"/>
  <testcase name="insertTwoKeysTwoTagsLowCardinality" classname="com.yahoo.ycsb.workloads.TestTimeSeriesWorkload" time="0.001"/>
  <testcase name="insertTwoKeysTwoThreads" classname="com.yahoo.ycsb.workloads.TestTimeSeriesWorkload" time="0.001"/>
  <testcase name="insertWithValidation" classname="com.yahoo.ycsb.workloads.TestTimeSeriesWorkload" time="0.002"/>
  <testcase name="read" classname="com.yahoo.ycsb.workloads.TestTimeSeriesWorkload" time="0"/>
  <testcase name="twoThreads" classname="com.yahoo.ycsb.workloads.TestTimeSeriesWorkload" time="0.001"/>
  <testcase name="validateSettingsDataIntegrity" classname="com.yahoo.ycsb.workloads.TestTimeSeriesWorkload" time="0.001"/>
  <testcase name="verifyRow" classname="com.yahoo.ycsb.workloads.TestTimeSeriesWorkload" time="0.008"/>
</testsuite>