<?xml version="1.0" encoding="UTF-8"?>
<testsuite name="com.yahoo.ycsb.db.rocksdb.RocksDBClientTest" time="1.441" tests="4" errors="0" skipped="0" failures="0">
  <properties>
[...]
</properties>
  <testcase name="insertAndDelete" classname="com.yahoo.ycsb.db.rocksdb.RocksDBClientTest" time="0.472"/>
  <testcase name="insertAndRead" classname="com.yahoo.ycsb.db.rocksdb.RocksDBClientTest" time="0.322"/>
  <testcase name="insertAndScan" classname="com.yahoo.ycsb.db.rocksdb.RocksDBClientTest" time="0.336"/>
  <testcase name="insertUpdateAndRead" classname="com.yahoo.ycsb.db.rocksdb.RocksDBClientTest" time="0.311"/>
</testsuite>